Heap:
 par new generation   total 39296K, used 10450K [0x00000000d1200000, 0x00000000d3ca0000, 0x00000000e0c00000)
  eden space 34944K,  25% used [0x00000000d1200000, 0x00000000d1a8df88, 0x00000000d3420000)
  from space 4352K,  38% used [0x00000000d3420000, 0x00000000d35c6948, 0x00000000d3860000)
  to   space 4352K,   0% used [0x00000000d3860000, 0x00000000d3860000, 0x00000000d3ca0000)
 concurrent mark-sweep generation total 381380K, used 114915K [0x00000000e0c00000, 0x00000000f8071000, 0x0000000100000000)
 Metaspace       used 131259K, capacity 137116K, committed 137388K, reserved 1169408K
  class space    used 16419K, capacity 17561K, committed 17664K, reserved 1048576K
GC Heap History (10 events):
Event: 30311.484 GC heap before
{Heap before GC invocations=1459 (full 183):
 par new generation   total 39296K, used 39296K [0x00000000d1200000, 0x00000000d3ca0000, 0x00000000e0c00000)
  eden space 34944K, 100% used [0x00000000d1200000, 0x00000000d3420000, 0x00000000d3420000)
  from space 4352K, 100% used [0x00000000d3860000, 0x00000000d3ca0000, 0x00000000d3ca0000)
  to   space 4352K,   0% used [0x00000000d3420000, 0x00000000d3420000, 0x00000000d3860000)
 concurrent mark-sweep generation total 381380K, used 316595K [0x00000000e0c00000, 0x00000000f8071000, 0x0000000100000000)
 Metaspace       used 131008K, capacity 136782K, committed 137004K, reserved 1169408K
  class space    used 16375K, capacity 17484K, committed 17536K, reserved 1048576K
Event: 30311.534 GC heap after
Heap after GC invocations=1460 (full 183):
 par new generation   total 39296K, used 4352K [0x00000000d1200000, 0x00000000d3ca0000, 0x00000000e0c00000)
  eden space 34944K,   0% used [0x00000000d1200000, 0x00000000d1200000, 0x00000000d3420000)
  from space 4352K, 100% used [0x00000000d3420000, 0x00000000d3860000, 0x00000000d3860000)
  to   space 4352K,   0% used [0x00000000d3860000, 0x00000000d3860000, 0x00000000d3ca0000)
 concurrent mark-sweep generation total 381380K, used 337916K [0x00000000e0c00000, 0x00000000f8071000, 0x0000000100000000)
 Metaspace       used 131008K, capacity 136782K, committed 137004K, reserved 1169408K
  class space    used 16375K, capacity 17484K, committed 17536K, reserved 1048576K
}
Event: 30856.812 GC heap before
{Heap before GC invocations=1460 (full 184):
 par new generation   total 39296K, used 39296K [0x00000000d1200000, 0x00000000d3ca0000, 0x00000000e0c00000)
  eden space 34944K, 100% used [0x00000000d1200000, 0x00000000d3420000, 0x00000000d3420000)
  from space 4352K, 100% used [0x00000000d3420000, 0x00000000d3860000, 0x00000000d3860000)
  to   space 4352K,   0% used [0x00000000d3860000, 0x00000000d3860000, 0x00000000d3ca0000)
 concurrent mark-sweep generation total 381380K, used 110839K [0x00000000e0c00000, 0x00000000f8071000, 0x0000000100000000)
 Metaspace       used 130964K, capacity 136718K, committed 137004K, reserved 1169408K
  class space    used 16369K, capacity 17474K, committed 17536K, reserved 1048576K
Event: 30856.831 GC heap after
Heap after GC invocations=1461 (full 184):
 par new generation   total 39296K, used 4351K [0x00000000d1200000, 0x00000000d3ca0000, 0x00000000e0c00000)
  eden space 34944K,   0% used [0x00000000d1200000, 0x00000000d1200000, 0x00000000d3420000)
  from space 4352K,  99% used [0x00000000d3860000, 0x00000000d3c9fff0, 0x00000000d3ca0000)
  to   space 4352K,   0% used [0x00000000d3420000, 0x00000000d3420000, 0x00000000d3860000)
 concurrent mark-sweep generation total 381380K, used 114889K [0x00000000e0c00000, 0x00000000f8071000, 0x0000000100000000)
 Metaspace       used 130964K, capacity 136718K, committed 137004K, reserved 1169408K
  class space    used 16369K, capacity 17474K, committed 17536K, reserved 1048576K
}
Event: 31743.134 GC heap before
{Heap before GC invocations=1461 (full 184):
 par new generation   total 39296K, used 39295K [0x00000000d1200000, 0x00000000d3ca0000, 0x00000000e0c00000)
  eden space 34944K, 100% used [0x00000000d1200000, 0x00000000d3420000, 0x00000000d3420000)
  from space 4352K,  99% used [0x00000000d3860000, 0x00000000d3c9fff0, 0x00000000d3ca0000)
  to   space 4352K,   0% used [0x00000000d3420000, 0x00000000d3420000, 0x00000000d3860000)
 concurrent mark-sweep generation total 381380K, used 114889K [0x00000000e0c00000, 0x00000000f8071000, 0x0000000100000000)
 Metaspace       used 130964K, capacity 136718K, committed 137004K, reserved 1169408K
  class space    used 16369K, capacity 17474K, committed 17536K, reserved 1048576K
Event: 31743.139 GC heap after
Heap after GC invocations=1462 (full 184):
 par new generation   total 39296K, used 1294K [0x00000000d1200000, 0x00000000d3ca0000, 0x00000000e0c00000)
  eden space 34944K,   0% used [0x00000000d1200000, 0x00000000d1200000, 0x00000000d3420000)
  from space 4352K,  29% used [0x00000000d3420000, 0x00000000d3563b80, 0x00000000d3860000)
  to   space 4352K,   0% used [0x00000000d3860000, 0x00000000d3860000, 0x00000000d3ca0000)
 concurrent mark-sweep generation total 381380K, used 114889K [0x00000000e0c00000, 0x00000000f8071000, 0x0000000100000000)
 Metaspace       used 130964K, capacity 136718K, committed 137004K, reserved 1169408K
  class space    used 16369K, capacity 17474K, committed 17536K, reserved 1048576K
}
Event: 32188.627 GC heap before
{Heap before GC invocations=1462 (full 184):
 par new generation   total 39296K, used 36238K [0x00000000d1200000, 0x00000000d3ca0000, 0x00000000e0c00000)
  eden space 34944K, 100% used [0x00000000d1200000, 0x00000000d3420000, 0x00000000d3420000)
  from space 4352K,  29% used [0x00000000d3420000, 0x00000000d3563b80, 0x00000000d3860000)
  to   space 4352K,   0% used [0x00000000d3860000, 0x00000000d3860000, 0x00000000d3ca0000)
 concurrent mark-sweep generation total 381380K, used 114889K [0x00000000e0c00000, 0x00000000f8071000, 0x0000000100000000)
 Metaspace       used 131211K, capacity 137072K, committed 137260K, reserved 1169408K
  class space    used 16410K, capacity 17525K, committed 17536K, reserved 1048576K
Event: 32188.633 GC heap after
Heap after GC invocations=1463 (full 184):
 par new generation   total 39296K, used 2567K [0x00000000d1200000, 0x00000000d3ca0000, 0x00000000e0c00000)
  eden space 34944K,   0% used [0x00000000d1200000, 0x00000000d1200000, 0x00000000d3420000)
  from space 4352K,  58% used [0x00000000d3860000, 0x00000000d3ae1ca8, 0x00000000d3ca0000)
  to   space 4352K,   0% used [0x00000000d3420000, 0x00000000d3420000, 0x00000000d3860000)
 concurrent mark-sweep generation total 381380K, used 114889K [0x00000000e0c00000, 0x00000000f8071000, 0x0000000100000000)
 Metaspace       used 131211K, capacity 137072K, committed 137260K, reserved 1169408K
  class space    used 16410K, capacity 17525K, committed 17536K, reserved 1048576K
}
Event: 32189.114 GC heap before
{Heap before GC invocations=1463 (full 184):
 par new generation   total 39296K, used 37511K [0x00000000d1200000, 0x00000000d3ca0000, 0x00000000e0c00000)
  eden space 34944K, 100% used [0x00000000d1200000, 0x00000000d3420000, 0x00000000d3420000)
  from space 4352K,  58% used [0x00000000d3860000, 0x00000000d3ae1ca8, 0x00000000d3ca0000)
  to   space 4352K,   0% used [0x00000000d3420000, 0x00000000d3420000, 0x00000000d3860000)
 concurrent mark-sweep generation total 381380K, used 114889K [0x00000000e0c00000, 0x00000000f8071000, 0x0000000100000000)
 Metaspace       used 131211K, capacity 137072K, committed 137260K, reserved 1169408K
  class space    used 16410K, capacity 17525K, committed 17536K, reserved 1048576K
Event: 32189.118 GC heap after
Heap after GC invocations=1464 (full 184):
 par new generation   total 39296K, used 1690K [0x00000000d1200000, 0x00000000d3ca0000, 0x00000000e0c00000)
  eden space 34944K,   0% used [0x00000000d1200000, 0x00000000d1200000, 0x00000000d3420000)
  from space 4352K,  38% used [0x00000000d3420000, 0x00000000d35c6948, 0x00000000d3860000)
  to   space 4352K,   0% used [0x00000000d3860000, 0x00000000d3860000, 0x00000000d3ca0000)
 concurrent mark-sweep generation total 381380K, used 114915K [0x00000000e0c00000, 0x00000000f8071000, 0x0000000100000000)
 Metaspace       used 131211K, capacity 137072K, committed 137260K, reserved 1169408K
  class space    used 16410K, capacity 17525K, committed 17536K, reserved 1048576K
}

