# JRE version: Op
Heap:
 par new generation   total 39296K, used 18117K [0x00000000d1200000, 0x00000000d3ca0000, 0x00000000e0c00000)
  eden space 34944K,  39% used [0x00000000d1200000, 0x00000000d1f71430, 0x00000000d3420000)
  from space 4352K, 100% used [0x00000000d3420000, 0x00000000d3860000, 0x00000000d3860000)
  to   space 4352K,   0% used [0x00000000d3860000, 0x00000000d3860000, 0x00000000d3ca0000)
 concurrent mark-sweep generation total 387604K, used 225224K [0x00000000e0c00000, 0x00000000f8685000, 0x0000000100000000)
 Metaspace       used 117871K, capacity 122722K, committed 122936K, reserved 1157120K
  class space    used 14671K, capacity 15611K, committed 15704K, reserved 1048576K
GC Heap History (10 events):
Event: 34680.553 GC heap before
{Heap before GC invocations=1927 (full 253):
 par new generation   total 39296K, used 39296K [0x00000000d1200000, 0x00000000d3ca0000, 0x00000000e0c00000)
  eden space 34944K, 100% used [0x00000000d1200000, 0x00000000d3420000, 0x00000000d3420000)
  from space 4352K, 100% used [0x00000000d3860000, 0x00000000d3ca0000, 0x00000000d3ca0000)
  to   space 4352K,   0% used [0x00000000d3420000, 0x00000000d3420000, 0x00000000d3860000)
 concurrent mark-sweep generation total 387604K, used 139474K [0x00000000e0c00000, 0x00000000f8685000, 0x0000000100000000)
 Metaspace       used 117836K, capacity 122646K, committed 122936K, reserved 1157120K
  class space    used 14670K, capacity 15609K, committed 15704K, reserved 1048576K
Event: 34680.579 GC heap after
Heap after GC invocations=1928 (full 253):
 par new generation   total 39296K, used 4352K [0x00000000d1200000, 0x00000000d3ca0000, 0x00000000e0c00000)
  eden space 34944K,   0% used [0x00000000d1200000, 0x00000000d1200000, 0x00000000d3420000)
  from space 4352K, 100% used [0x00000000d3420000, 0x00000000d3860000, 0x00000000d3860000)
  to   space 4352K,   0% used [0x00000000d3860000, 0x00000000d3860000, 0x00000000d3ca0000)
 concurrent mark-sweep generation total 387604K, used 152621K [0x00000000e0c00000, 0x00000000f8685000, 0x0000000100000000)
 Metaspace       used 117836K, capacity 122646K, committed 122936K, reserved 1157120K
  class space    used 14670K, capacity 15609K, committed 15704K, reserved 1048576K
}
Event: 34693.694 GC heap before
{Heap before GC invocations=1928 (full 253):
 par new generation   total 39296K, used 39296K [0x00000000d1200000, 0x00000000d3ca0000, 0x00000000e0c00000)
  eden space 34944K, 100% used [0x00000000d1200000, 0x00000000d3420000, 0x00000000d3420000)
  from space 4352K, 100% used [0x00000000d3420000, 0x00000000d3860000, 0x00000000d3860000)
  to   space 4352K,   0% used [0x00000000d3860000, 0x00000000d3860000, 0x00000000d3ca0000)
 concurrent mark-sweep generation total 387604K, used 152621K [0x00000000e0c00000, 0x00000000f8685000, 0x0000000100000000)
 Metaspace       used 117836K, capacity 122646K, committed 122936K, reserved 1157120K
  class space    used 14670K, capacity 15609K, committed 15704K, reserved 1048576K
Event: 34693.745 GC heap after
Heap after GC invocations=1929 (full 253):
 par new generation   total 39296K, used 4352K [0x00000000d1200000, 0x00000000d3ca0000, 0x00000000e0c00000)
  eden space 34944K,   0% used [0x00000000d1200000, 0x00000000d1200000, 0x00000000d3420000)
  from space 4352K, 100% used [0x00000000d3860000, 0x00000000d3ca0000, 0x00000000d3ca0000)
  to   space 4352K,   0% used [0x00000000d3420000, 0x00000000d3420000, 0x00000000d3860000)
 concurrent mark-sweep generation total 387604K, used 167585K [0x00000000e0c00000, 0x00000000f8685000, 0x0000000100000000)
 Metaspace       used 117836K, capacity 122646K, committed 122936K, reserved 1157120K
  class space    used 14670K, capacity 15609K, committed 15704K, reserved 1048576K
}
Event: 34694.709 GC heap before
{Heap before GC invocations=1929 (full 253):
 par new generation   total 39296K, used 39296K [0x00000000d1200000, 0x00000000d3ca0000, 0x00000000e0c00000)
  eden space 34944K, 100% used [0x00000000d1200000, 0x00000000d3420000, 0x00000000d3420000)
  from space 4352K, 100% used [0x00000000d3860000, 0x00000000d3ca0000, 0x00000000d3ca0000)
  to   space 4352K,   0% used [0x00000000d3420000, 0x00000000d3420000, 0x00000000d3860000)
 concurrent mark-sweep generation total 387604K, used 167585K [0x00000000e0c00000, 0x00000000f8685000, 0x0000000100000000)
 Metaspace       used 117836K, capacity 122646K, committed 122936K, reserved 1157120K
  class space    used 14670K, capacity 15609K, committed 15704K, reserved 1048576K
Event: 34694.761 GC heap after
Heap after GC invocations=1930 (full 253):
 par new generation   total 39296K, used 4352K [0x00000000d1200000, 0x00000000d3ca0000, 0x00000000e0c00000)
  eden space 34944K,   0% used [0x00000000d1200000, 0x00000000d1200000, 0x00000000d3420000)
  from space 4352K, 100% used [0x00000000d3420000, 0x00000000d3860000, 0x00000000d3860000)
  to   space 4352K,   0% used [0x00000000d3860000, 0x00000000d3860000, 0x00000000d3ca0000)
 concurrent mark-sweep generation total 387604K, used 195853K [0x00000000e0c00000, 0x00000000f8685000, 0x0000000100000000)
 Metaspace       used 117836K, capacity 122646K, committed 122936K, reserved 1157120K
  class space    used 14670K, capacity 15609K, committed 15704K, reserved 1048576K
}
Event: 34695.649 GC heap before
{Heap before GC invocations=1930 (full 253):
 par new generation   total 39296K, used 39296K [0x00000000d1200000, 0x00000000d3ca0000, 0x00000000e0c00000)
  eden space 34944K, 100% used [0x00000000d1200000, 0x00000000d3420000, 0x00000000d3420000)
  from space 4352K, 100% used [0x00000000d3420000, 0x00000000d3860000, 0x00000000d3860000)
  to   space 4352K,   0% used [0x00000000d3860000, 0x00000000d3860000, 0x00000000d3ca0000)
 concurrent mark-sweep generation total 387604K, used 195853K [0x00000000e0c00000, 0x00000000f8685000, 0x0000000100000000)
 Metaspace       used 117863K, capacity 122722K, committed 122936K, reserved 1157120K
  class space    used 14671K, capacity 15611K, committed 15704K, reserved 1048576K
Event: 34695.667 GC heap after
Heap after GC invocations=1931 (full 253):
 par new generation   total 39296K, used 4352K [0x00000000d1200000, 0x00000000d3ca0000, 0x00000000e0c00000)
  eden space 34944K,   0% used [0x00000000d1200000, 0x00000000d1200000, 0x00000000d3420000)
  from space 4352K, 100% used [0x00000000d3860000, 0x00000000d3ca0000, 0x00000000d3ca0000)
  to   space 4352K,   0% used [0x00000000d3420000, 0x00000000d3420000, 0x00000000d3860000)
 concurrent mark-sweep generation total 387604K, used 200061K [0x00000000e0c00000, 0x00000000f8685000, 0x0000000100000000)
 Metaspace       used 117863K, capacity 122722K, committed 122936K, reserved 1157120K
  class space    used 14671K, capacity 15611K, committed 15704K, reserved 1048576K
}
Event: 34695.750 GC heap before
{Heap before GC invocations=1931 (full 253):
 par new generation   total 39296K, used 39296K [0x00000000d1200000, 0x00000000d3ca0000, 0x00000000e0c00000)
  eden space 34944K, 100% used [0x00000000d1200000, 0x00000000d3420000, 0x00000000d3420000)
  from space 4352K, 100% used [0x00000000d3860000, 0x00000000d3ca0000, 0x00000000d3ca0000)
  to   space 4352K,   0% used [0x00000000d3420000, 0x00000000d3420000, 0x00000000d3860000)
 concurrent mark-sweep generation total 387604K, used 200061K [0x00000000e0c00000, 0x00000000f8685000, 0x0000000100000000)
 Metaspace       used 117863K, capacity 122722K, committed 122936K, reserved 1157120K
  class space    used 14671K, capacity 15611K, committed 15704K, reserved 1048576K
Event: 34695.798 GC heap after
Heap after GC invocations=1932 (full 253):
 par new generation   total 39296K, used 4352K [0x00000000d1200000, 0x00000000d3ca0000, 0x00000000e0c00000)
  eden space 34944K,   0% used [0x00000000d1200000, 0x00000000d1200000, 0x00000000d3420000)
  from space 4352K, 100% used [0x00000000d3420000, 0x00000000d3860000, 0x00000000d3860000)
  to   space 4352K,   0% used [0x00000000d3860000, 0x00000000d3860000, 0x00000000d3ca0000)
 concurrent mark-sweep generation total 387604K, used 225224K [0x00000000e0c00000, 0x00000000f8685000, 0x0000000100000000)
 Metaspace       used 117863K, capacity 122722K, committed 122936K, reserved 1157120K
  class space    used 14671K, capacity 15611K, committed 15704K, reserved 1048576K
}

